<?xml version="1.0" encoding="utf-8"?><testsuites name="pytest tests"><testsuite name="pytest" errors="0" failures="0" skipped="0" tests="30" time="7.518" timestamp="2026-08-16T15:59:47.022797+00:00" hostname="agent-env-fd2d4c24-a58e-49e4-b1bd-6d51f96c4088"><testcase classname="tests.test_arete_core" name="test_01_register_users" time="0.809" /><testcase classname="tests.test_arete_core" name="test_02_entity_crud[telos]" time="0.545" /><testcase classname="tests.test_arete_core" name="test_02_entity_crud[goal]" time="0.378" /><testcase classname="tests.test_arete_core" name="test_02_entity_crud[project]" time="0.348" /><testcase classname="tests.test_arete_core" name="test_02_entity_crud[task]" time="0.341" /><testcase classname="tests.test_arete_core" name="test_02_entity_crud[journal]" time="0.320" /><testcase classname="tests.test_arete_core" name="test_02_entity_crud[book]" time="0.419" /><testcase classname="tests.test_arete_core" name="test_02_entity_crud[source]" time="0.354" /><testcase classname="tests.test_arete_core" name="test_02_entity_crud[note]" time="0.453" /><testcase classname="tests.test_arete_core" name="test_02_entity_crud[person]" time="0.398" /><testcase classname="tests.test_arete_core" name="test_03_entity_update" time="0.119" /><testcase classname="tests.test_arete_core" name="test_04_entity_knowledge_via_pages_only" time="0.097" /><testcase classname="tests.test_arete_core" name="test_05_entity_invalid_type" time="0.101" /><testcase classname="tests.test_arete_core" name="test_06_create_knowledge_page" time="0.151" /><testcase classname="tests.test_arete_core" name="test_07_create_relations_chain" time="0.530" /><testcase classname="tests.test_arete_core" name="test_08_relation_404_missing_entity" time="0.097" /><testcase classname="tests.test_arete_core" name="test_09_relation_reject_self" time="0.092" /><testcase classname="tests.test_arete_core" name="test_10_query_relations_filter" time="0.114" /><testcase classname="tests.test_arete_core" name="test_11_get_relation_by_id" time="0.095" /><testcase classname="tests.test_arete_core" name="test_12_context_knowledge_deep" time="0.143" /><testcase classname="tests.test_arete_core" name="test_13_context_has_buckets_and_outgoing_backlinks" time="0.131" /><testcase classname="tests.test_arete_core" name="test_14_universal_search" time="0.150" /><testcase classname="tests.test_arete_core" name="test_15_local_graph_subset" time="0.121" /><testcase classname="tests.test_arete_core" name="test_16_graph_no_params_full_knowledge" time="0.098" /><testcase classname="tests.test_arete_core" name="test_17_user2_cannot_read_user1_entity" time="0.112" /><testcase classname="tests.test_arete_core" name="test_18_user2_cannot_read_user1_context" time="0.139" /><testcase classname="tests.test_arete_core" name="test_19_user2_cannot_read_user1_relation" time="0.113" /><testcase classname="tests.test_arete_core" name="test_20_user2_universal_search_isolated" time="0.108" /><testcase classname="tests.test_arete_core" name="test_21_delete_relation" time="0.221" /><testcase classname="tests.test_arete_core" name="test_22_stats_extended" time="0.101" /></testsuite></testsuites>