<?xml version="1.0" encoding="utf-8"?><testsuites name="pytest tests"><testsuite name="pytest" errors="0" failures="0" skipped="0" tests="19" time="3.955" timestamp="2026-08-16T14:41:58.508721+00:00" hostname="agent-env-fd2d4c24-a58e-49e4-b1bd-6d51f96c4088"><testcase classname="tests.test_arete_backend" name="test_01_health" time="0.309" /><testcase classname="tests.test_arete_backend" name="test_02_register_user1" time="0.359" /><testcase classname="tests.test_arete_backend" name="test_03_register_user2" time="0.327" /><testcase classname="tests.test_arete_backend" name="test_04_login_wrong_pwd" time="0.357" /><testcase classname="tests.test_arete_backend" name="test_05_login_ok" time="0.320" /><testcase classname="tests.test_arete_backend" name="test_06_me" time="0.193" /><testcase classname="tests.test_arete_backend" name="test_07_no_token_401" time="0.095" /><testcase classname="tests.test_arete_backend" name="test_08_create_page_with_wikilinks" time="0.107" /><testcase classname="tests.test_arete_backend" name="test_09_stubs_auto_created" time="0.115" /><testcase classname="tests.test_arete_backend" name="test_10_by_title_case_insensitive" time="0.100" /><testcase classname="tests.test_arete_backend" name="test_11_backlinks" time="0.094" /><testcase classname="tests.test_arete_backend" name="test_12_update_title_propagates_links" time="0.259" /><testcase classname="tests.test_arete_backend" name="test_13_tags" time="0.107" /><testcase classname="tests.test_arete_backend" name="test_14_search" time="0.096" /><testcase classname="tests.test_arete_backend" name="test_15_graph" time="0.108" /><testcase classname="tests.test_arete_backend" name="test_16_activity" time="0.098" /><testcase classname="tests.test_arete_backend" name="test_17_stats" time="0.108" /><testcase classname="tests.test_arete_backend" name="test_18_user_scoped" time="0.102" /><testcase classname="tests.test_arete_backend" name="test_19_delete_page" time="0.375" /></testsuite></testsuites>