<?xml version="1.0" encoding="utf-8"?><testsuites name="pytest tests"><testsuite name="pytest" errors="0" failures="1" skipped="0" tests="14" time="9.880" timestamp="2026-08-19T14:00:02.067991+00:00" hostname="agent-env-fd2d4c24-a58e-49e4-b1bd-6d51f96c4088"><testcase classname="tests.test_security_fix.TestSec001JwtSecret" name="test_forged_token_with_old_hardcoded_secret_rejected" time="1.121" /><testcase classname="tests.test_security_fix.TestRegressionCoreFlows" name="test_wiki_link_and_backlinks" time="1.611" /><testcase classname="tests.test_security_fix.TestSec001JwtSecret" name="test_forged_random_sub_with_old_secret_rejected" time="0.158" /><testcase classname="tests.test_security_fix.TestSec001JwtSecret" name="test_no_auth_header_returns_401" time="0.232" /><testcase classname="tests.test_security_fix.TestSec001JwtSecret" name="test_random_garbage_bearer_returns_401" time="0.123" /><testcase classname="tests.test_security_fix.TestRegressionCoreFlows" name="test_entities_goal_project_task_and_relation" time="1.178" /><testcase classname="tests.test_security_fix.TestSec001JwtSecret" name="test_real_register_login_me_flow_works" time="0.480"><failure message="AssertionError: assert 'test_flow_b2bab45d@arete.dev' == 'TEST_flow_b2bab45d@arete.dev'&#10;  &#10;  - TEST_flow_b2bab45d@arete.dev&#10;  ? ^^^^&#10;  + test_flow_b2bab45d@arete.dev&#10;  ? ^^^^">tests/test_security_fix.py:107: in test_real_register_login_me_flow_works
    assert r2.json()["email"] == email
E   AssertionError: assert 'test_flow_b2bab45d@arete.dev' == 'TEST_flow_b2bab45d@arete.dev'
E     
E     - TEST_flow_b2bab45d@arete.dev
E     ? ^^^^
E     + test_flow_b2bab45d@arete.dev
E     ? ^^^^</failure></testcase><testcase classname="tests.test_security_fix.TestRegressionTenantIsolation" name="test_user_b_cannot_access_user_a_page" time="0.716" /><testcase classname="tests.test_security_fix.TestRegressionCoreFlows" name="test_universal_search" time="0.163" /><testcase classname="tests.test_security_fix.TestRegressionTenantIsolation" name="test_user_b_cannot_access_user_a_goal" time="0.324" /><testcase classname="tests.test_security_fix.TestRegressionCoreFlows" name="test_tracking" time="0.153" /><testcase classname="tests.test_security_fix.TestRegressionCoreFlows" name="test_pillars" time="0.174" /><testcase classname="tests.test_security_fix.TestRegressionTenantIsolation" name="test_user_b_cannot_get_user_a_knowledge_context" time="0.319" /><testcase classname="tests.test_security_fix.TestSec002AiErrorSanitization" name="test_summarize_success_or_generic_error" time="5.997" /></testsuite></testsuites>